c:\users\lmj33\source\repos\gameframework\gameframework\binobj\vc141.pdb
c:\users\lmj33\source\repos\gameframework\gameframework\binobj\vc141.idb
c:\users\lmj33\source\repos\gameframework\gameframework\binobj\tile.obj
c:\users\lmj33\source\repos\gameframework\gameframework\binobj\animationeditscene.obj
c:\users\lmj33\source\repos\gameframework\gameframework\binobj\gamemanager.obj
c:\users\lmj33\source\repos\gameframework\gameframework\binobj\startscene.obj
c:\users\lmj33\source\repos\gameframework\gameframework\binobj\mapeditscene.obj
c:\users\lmj33\source\repos\gameframework\gameframework\binobj\mainscene.obj
c:\users\lmj33\source\repos\gameframework\gameframework\binobj\stage.obj
c:\users\lmj33\source\repos\gameframework\gameframework\binobj\collisionmanager.obj
c:\users\lmj33\source\repos\gameframework\gameframework\binobj\scenemanager.obj
c:\users\lmj33\source\repos\gameframework\gameframework\binobj\scene.obj
c:\users\lmj33\source\repos\gameframework\gameframework\binobj\obj.obj
c:\users\lmj33\source\repos\gameframework\gameframework\binobj\monster.obj
c:\users\lmj33\source\repos\gameframework\gameframework\binobj\resourcemanager.obj
c:\users\lmj33\source\repos\gameframework\gameframework\binobj\editmanager.obj
c:\users\lmj33\source\repos\gameframework\gameframework\binobj\collidersphere.obj
c:\users\lmj33\source\repos\gameframework\gameframework\binobj\colliderrect.obj
c:\users\lmj33\source\repos\gameframework\gameframework\binobj\colliderpoint.obj
c:\users\lmj33\source\repos\gameframework\gameframework\binobj\animation.obj
c:\users\lmj33\source\repos\gameframework\gameframework\binobj\burt.obj
c:\users\lmj33\source\repos\gameframework\gameframework\binobj\math.obj
c:\users\lmj33\source\repos\gameframework\gameframework\binobj\collider.obj
c:\users\lmj33\source\repos\gameframework\gameframework\binobj\colliderline.obj
c:\users\lmj33\source\repos\gameframework\gameframework\binobj\input.obj
c:\users\lmj33\source\repos\gameframework\gameframework\binobj\uibutton.obj
c:\users\lmj33\source\repos\gameframework\gameframework\binobj\twizzy.obj
c:\users\lmj33\source\repos\gameframework\gameframework\binobj\uiimage.obj
c:\users\lmj33\source\repos\gameframework\gameframework\binobj\ui.obj
c:\users\lmj33\source\repos\gameframework\gameframework\binobj\bullet.obj
c:\users\lmj33\source\repos\gameframework\gameframework\binobj\ref.obj
c:\users\lmj33\source\repos\gameframework\gameframework\binobj\spawner.obj
c:\users\lmj33\source\repos\gameframework\gameframework\binobj\player.obj
c:\users\lmj33\source\repos\gameframework\gameframework\binobj\grizoo.obj
c:\users\lmj33\source\repos\gameframework\gameframework\binobj\character.obj
c:\users\lmj33\source\repos\gameframework\gameframework\binobj\inputcomponent.obj
c:\users\lmj33\source\repos\gameframework\gameframework\binobj\effect.obj
c:\users\lmj33\source\repos\gameframework\gameframework\binobj\layer.obj
c:\users\lmj33\source\repos\gameframework\gameframework\binobj\pathmanager.obj
c:\users\lmj33\source\repos\gameframework\gameframework\binobj\timer.obj
c:\users\lmj33\source\repos\gameframework\gameframework\binobj\texture.obj
c:\users\lmj33\source\repos\gameframework\gameframework\binobj\serialnumber.obj
c:\users\lmj33\source\repos\gameframework\gameframework\binobj\main.obj
c:\users\lmj33\source\repos\gameframework\gameframework\binobj\mikeobject.obj
c:\users\lmj33\source\repos\gameframework\gameframework\binobj\stage1scene.obj
c:\users\lmj33\source\repos\gameframework\gameframework\binobj\ddd.obj
c:\users\lmj33\source\repos\gameframework\gameframework\binobj\dddscene.obj
c:\users\lmj33\source\repos\gameframework\gameframework\binobj\aniobject.obj
c:\users\lmj33\source\repos\gameframework\gameframework\binobj\grass.obj
c:\users\lmj33\source\repos\gameframework\gameframework\binobj\dddbackground.obj
c:\users\lmj33\source\repos\gameframework\gameframework\binobj\sleep.obj
c:\users\lmj33\source\repos\gameframework\gameframework\binobj\rocky.obj
c:\users\lmj33\source\repos\gameframework\gameframework\binobj\mike.obj
c:\users\lmj33\source\repos\gameframework\gameframework\binobj\bladeknight.obj
c:\users\lmj33\source\repos\gameframework\gameframework\bin\gameframework64.ipdb
c:\users\lmj33\source\repos\gameframework\gameframework\bin\gameframework64.iobj
c:\users\lmj33\source\repos\gameframework\gameframework\bin\gameframework64_debug.exe
c:\users\lmj33\source\repos\gameframework\gameframework\bin\gameframework64_debug.ilk
c:\users\lmj33\source\repos\gameframework\gameframework\bin\gameframework64_debug.pdb
c:\users\lmj33\source\repos\gameframework\gameframework\binobj\gameframework.res
c:\users\lmj33\source\repos\gameframework\gameframework\binobj\animation.obj.enc
c:\users\lmj33\source\repos\gameframework\gameframework\binobj\animationeditscene.new.obj.enc
c:\users\lmj33\source\repos\gameframework\gameframework\binobj\aniobject.new.obj.enc
c:\users\lmj33\source\repos\gameframework\gameframework\binobj\bladeknight.obj.enc
c:\users\lmj33\source\repos\gameframework\gameframework\binobj\bullet.obj.enc
c:\users\lmj33\source\repos\gameframework\gameframework\binobj\burt.new.obj.enc
c:\users\lmj33\source\repos\gameframework\gameframework\binobj\character.new.obj.enc
c:\users\lmj33\source\repos\gameframework\gameframework\binobj\collider.new.obj.enc
c:\users\lmj33\source\repos\gameframework\gameframework\binobj\colliderline.new.obj.enc
c:\users\lmj33\source\repos\gameframework\gameframework\binobj\colliderpoint.new.obj.enc
c:\users\lmj33\source\repos\gameframework\gameframework\binobj\colliderrect.new.obj.enc
c:\users\lmj33\source\repos\gameframework\gameframework\binobj\collidersphere.new.obj.enc
c:\users\lmj33\source\repos\gameframework\gameframework\binobj\collisionmanager.obj.enc
c:\users\lmj33\source\repos\gameframework\gameframework\binobj\ddd.new.obj.enc
c:\users\lmj33\source\repos\gameframework\gameframework\binobj\dddbackground.new.obj.enc
c:\users\lmj33\source\repos\gameframework\gameframework\binobj\dddscene.new.obj.enc
c:\users\lmj33\source\repos\gameframework\gameframework\binobj\editmanager.new.obj.enc
c:\users\lmj33\source\repos\gameframework\gameframework\binobj\effect.new.obj.enc
c:\users\lmj33\source\repos\gameframework\gameframework\binobj\gamemanager.obj.enc
c:\users\lmj33\source\repos\gameframework\gameframework\binobj\grass.new.obj.enc
c:\users\lmj33\source\repos\gameframework\gameframework\binobj\grizoo.new.obj.enc
c:\users\lmj33\source\repos\gameframework\gameframework\binobj\input.new.obj.enc
c:\users\lmj33\source\repos\gameframework\gameframework\binobj\layer.new.obj.enc
c:\users\lmj33\source\repos\gameframework\gameframework\binobj\mainscene.obj.enc
c:\users\lmj33\source\repos\gameframework\gameframework\binobj\mapeditscene.new.obj.enc
c:\users\lmj33\source\repos\gameframework\gameframework\binobj\mikeobject.new.obj.enc
c:\users\lmj33\source\repos\gameframework\gameframework\binobj\monster.obj.enc
c:\users\lmj33\source\repos\gameframework\gameframework\binobj\obj.obj.enc
c:\users\lmj33\source\repos\gameframework\gameframework\binobj\player.obj.enc
c:\users\lmj33\source\repos\gameframework\gameframework\binobj\ref.obj.enc
c:\users\lmj33\source\repos\gameframework\gameframework\binobj\resourcemanager.obj.enc
c:\users\lmj33\source\repos\gameframework\gameframework\binobj\rocky.new.obj.enc
c:\users\lmj33\source\repos\gameframework\gameframework\binobj\scene.new.obj.enc
c:\users\lmj33\source\repos\gameframework\gameframework\binobj\scenemanager.new.obj.enc
c:\users\lmj33\source\repos\gameframework\gameframework\binobj\sleep.new.obj.enc
c:\users\lmj33\source\repos\gameframework\gameframework\binobj\spawner.obj.enc
c:\users\lmj33\source\repos\gameframework\gameframework\binobj\stage.new.obj.enc
c:\users\lmj33\source\repos\gameframework\gameframework\binobj\stage1scene.obj.enc
c:\users\lmj33\source\repos\gameframework\gameframework\binobj\startscene.new.obj.enc
c:\users\lmj33\source\repos\gameframework\gameframework\binobj\texture.obj.enc
c:\users\lmj33\source\repos\gameframework\gameframework\binobj\tile.new.obj.enc
c:\users\lmj33\source\repos\gameframework\gameframework\binobj\twizzy.new.obj.enc
c:\users\lmj33\source\repos\gameframework\gameframework\binobj\ui.new.obj.enc
c:\users\lmj33\source\repos\gameframework\gameframework\binobj\uibutton.new.obj.enc
c:\users\lmj33\source\repos\gameframework\gameframework\binobj\uiimage.new.obj.enc
c:\users\lmj33\source\repos\gameframework\gameframework\binobj\../bin/gameframework64_debug.pdb
c:\users\lmj33\source\repos\gameframework\gameframework\include\../bin/gameframework64_debug.exe
c:\users\lmj33\source\repos\gameframework\gameframework\binobj\../bin/gameframework64_debug.ilk
c:\users\lmj33\source\repos\gameframework\gameframework\binobj\gameframework.tlog\cl.command.1.tlog
c:\users\lmj33\source\repos\gameframework\gameframework\binobj\gameframework.tlog\cl.read.1.tlog
c:\users\lmj33\source\repos\gameframework\gameframework\binobj\gameframework.tlog\cl.write.1.tlog
c:\users\lmj33\source\repos\gameframework\gameframework\binobj\gameframework.tlog\gameframework.write.1u.tlog
c:\users\lmj33\source\repos\gameframework\gameframework\binobj\gameframework.tlog\link.command.1.tlog
c:\users\lmj33\source\repos\gameframework\gameframework\binobj\gameframework.tlog\link.read.1.tlog
c:\users\lmj33\source\repos\gameframework\gameframework\binobj\gameframework.tlog\link.write.1.tlog
c:\users\lmj33\source\repos\gameframework\gameframework\binobj\gameframework.tlog\rc.command.1.tlog
c:\users\lmj33\source\repos\gameframework\gameframework\binobj\gameframework.tlog\rc.read.1.tlog
c:\users\lmj33\source\repos\gameframework\gameframework\binobj\gameframework.tlog\rc.write.1.tlog
